<?xml version="1.0" encoding="UTF-8"?>
<!-- Generated by org.testng.reporters.JUnitReportReporter -->
<testsuite hostname="Prashants-MacBook-Air.local" failures="0" tests="1" name="com.testcases.GpathJsonTests" time="3.924" errors="0" timestamp="2023-07-21T11:50:52 IST" skipped="0">
  <testcase classname="com.testcases.GpathJsonTests" name="extractMultiplePlayersap" time="3.924"/>
  <system-out/>
</testsuite> <!-- com.testcases.GpathJsonTests -->
