<?xml version="1.0" encoding="UTF-8"?>
<!-- Generated by org.testng.reporters.JUnitReportReporter -->
<testsuite hostname="Prashants-MacBook-Air.local" failures="0" tests="1" name="com.testcases.VideoGameTests" time="2.151" errors="0" timestamp="2023-07-20T11:00:57 IST" skipped="0">
  <testcase classname="com.testcases.VideoGameTests" name="assertOnResponseTime" time="2.151"/>
  <system-out/>
</testsuite> <!-- com.testcases.VideoGameTests -->
