<?xml version="1.0" encoding="UTF-8"?>
<!-- Generated by org.testng.reporters.JUnitReportReporter -->
<testsuite hostname="Prashants-MacBook-Air.local" failures="0" tests="2" name="com.testcases.MyFirstTest" time="5.030" errors="0" timestamp="2024-07-08T09:34:00 IST" skipped="0">
  <testcase classname="com.testcases.MyFirstTest" name="myFirstTest" time="4.265"/>
  <system-out/>
  <testcase classname="com.testcases.MyFirstTest" name="myFirstTestWithEndPoints" time="0.765"/>
  <system-out/>
</testsuite> <!-- com.testcases.MyFirstTest -->
